<?xml version="1.0" encoding="UTF-8"?>
<testsuites name="Event Management" time="355" tests="5" failures="0" errors="0">
   <testsuite name="Event Management" tests="5" failures="0" errors="0" time="355" timestamp="2019-05-10 09:49:24" hostname="dche0053 - MU00138930.AD.MONASH.EDU" id="Test Suites/Event Management">
      <properties>
         <property name="deviceName" value=""/>
         <property name="devicePlatform" value=""/>
         <property name="logFolder" value="\\\\ad.monash.edu\\home\\User080\\dche0053\\Desktop\\Automation PE\\testdn\\Reports\\Event Management\\20190510_094807"/>
         <property name="logFiles" value="\\\\ad.monash.edu\\home\\User080\\dche0053\\Desktop\\Automation PE\\testdn\\Reports\\Event Management\\20190510_094807\\execution0.log"/>
         <property name="attachments" value=""/>
         <property name="hostName" value="dche0053 - MU00138930.AD.MONASH.EDU"/>
         <property name="os" value="Windows 10 64bit"/>
         <property name="katalonVersion" value="6.1.0.1"/>
         <property name="browser" value="Chrome 74.0.3729.131"/>
         <property name="hostAddress" value="169.254.215.218"/>
         <property name="sessionId" value="b48dcd57e357df2276956bf229dbfb07"/>
         <property name="seleniumVersion" value="3.7.1"/>
         <property name="proxyInformation" value="ProxyInformation{proxyOption=NO_PROXY, proxyServerType=HTTP, password=, proxyServerAddress=, proxyServerPort=0}"/>
         <property name="platform" value="Windows 10"/>
      </properties>
      <testcase name="Test Cases/Login to unicrm" classname="Test Cases/Login to unicrm" status="PASSED">
         <system-out><![CDATA[2019-05-10 09:49:30 - [TEST_CASE][PASSED] - Test Cases/Login to unicrm: Test Cases/Login to unicrm

2019-05-10 09:49:51 - [TEST_STEP][PASSED] - openBrowser(""): Browser is opened with url: ''

2019-05-10 09:50:01 - [MESSAGE][INFO] - Starting 'Chrome' driver

2019-05-10 09:50:02 - [MESSAGE][INFO] - User set preference: ['args', '[�disable-notifications]']

2019-05-10 09:50:03 - [MESSAGE][INFO] - Action delay is set to 0 seconds

2019-05-10 09:50:31 - [MESSAGE][PASSED] - Browser is opened with url: ''

2019-05-10 09:50:31 - [TEST_STEP][PASSED] - navigateToUrl("https://unicrm--engageuat.my.salesforce.com/"): Navigate to 'https://unicrm--engageuat.my.salesforce.com/' successfully

2019-05-10 09:50:36 - [MESSAGE][PASSED] - Navigate to 'https://unicrm--engageuat.my.salesforce.com/' successfully

2019-05-10 09:50:36 - [TEST_STEP][PASSED] - setText(findTestObject("Page_Login  Salesforce/input_Username_username"), "eventsadmin@monash.edu.engageuat"): Text 'eventsadmin@monash.edu.engageuat' is set on object 'Object Repository/Page_Login  Salesforce/input_Username_username'

2019-05-10 09:50:37 - [MESSAGE][PASSED] - Text 'eventsadmin@monash.edu.engageuat' is set on object 'Object Repository/Page_Login  Salesforce/input_Username_username'

2019-05-10 09:50:37 - [TEST_STEP][PASSED] - setEncryptedText(findTestObject("Page_Login  Salesforce/input_Password_pw"), "VWz9qj7gPNou+AqqE2IZfg=="): Text ****** has been set on object 'Object Repository/Page_Login  Salesforce/input_Password_pw'

2019-05-10 09:50:39 - [MESSAGE][PASSED] - Text ****** has been set on object 'Object Repository/Page_Login  Salesforce/input_Password_pw'

2019-05-10 09:50:39 - [TEST_STEP][PASSED] - click(findTestObject("Page_Login  Salesforce/input_Password_Login")): Object: 'Object Repository/Page_Login  Salesforce/input_Password_Login' is clicked on

2019-05-10 09:50:43 - [MESSAGE][PASSED] - Object: 'Object Repository/Page_Login  Salesforce/input_Password_Login' is clicked on

2019-05-10 09:50:43 - [TEST_STEP][PASSED] - waitForPageLoad(6): Wait for page load successfully

2019-05-10 09:50:51 - [MESSAGE][PASSED] - Wait for page load successfully

2019-05-10 09:50:51 - [TEST_STEP][PASSED] - maximizeWindow(): Current window maximized

2019-05-10 09:50:52 - [MESSAGE][PASSED] - Current window maximized

2019-05-10 09:50:52 - [TEST_STEP][PASSED] - waitForElementClickable(findTestObject("Page_Home  Salesforce/span_Campaigns"), 0): Object 'Object Repository/Page_Home  Salesforce/span_Campaigns' is clickable

2019-05-10 09:50:53 - [MESSAGE][WARNING] - Timeout '0' is invalid. Using default page load timeout: '40'

2019-05-10 09:50:54 - [MESSAGE][PASSED] - Object 'Object Repository/Page_Home  Salesforce/span_Campaigns' is clickable

2019-05-10 09:50:54 - [TEST_STEP][PASSED] - delay(3): Delayed 3 second(s)

2019-05-10 09:50:58 - [MESSAGE][PASSED] - Delayed 3 second(s)

2019-05-10 09:50:58 - [TEST_STEP][PASSED] - comment("Use has been successfully logged into unicrm"): Use has been successfully logged into unicrm

2019-05-10 09:50:58 - [MESSAGE][INFO] - Use has been successfully logged into unicrm]]></system-out>
         <system-err><![CDATA[]]></system-err>
      </testcase>
      <testcase name="Test Cases/Create event" classname="Test Cases/Create event" status="PASSED">
         <system-out><![CDATA[2019-05-10 09:50:58 - [TEST_CASE][PASSED] - Test Cases/Create event: Test Cases/Create event

2019-05-10 09:51:16 - [TEST_STEP][PASSED] - navigateToUrl("https://unicrm--engageuat.lightning.force.com/lightning/o/Campaign/list?filterName=Recent", STOP_ON_FAILURE): Navigate to 'https://unicrm--engageuat.lightning.force.com/lightning/o/Campaign/list?filterName=Recent' successfully

2019-05-10 09:51:17 - [MESSAGE][PASSED] - Navigate to 'https://unicrm--engageuat.lightning.force.com/lightning/o/Campaign/list?filterName=Recent' successfully

2019-05-10 09:51:17 - [TEST_STEP][PASSED] - click(findTestObject("Page_Recently Viewed  Campaigns  Salesforce/div_New (1)")): Object: 'Object Repository/Page_Recently Viewed  Campaigns  Salesforce/div_New (1)' is clicked on

2019-05-10 09:51:19 - [MESSAGE][PASSED] - Object: 'Object Repository/Page_Recently Viewed  Campaigns  Salesforce/div_New (1)' is clicked on

2019-05-10 09:51:19 - [TEST_STEP][PASSED] - click(findTestObject("Page_Recently Viewed  Campaigns  Salesforce/span_Guest List Containing Campaign Members_slds-radio--faux (1)")): Object: 'Object Repository/Page_Recently Viewed  Campaigns  Salesforce/span_Guest List Containing Campaign Members_slds-radio--faux (1)' is clicked on

2019-05-10 09:51:22 - [MESSAGE][PASSED] - Object: 'Object Repository/Page_Recently Viewed  Campaigns  Salesforce/span_Guest List Containing Campaign Members_slds-radio--faux (1)' is clicked on

2019-05-10 09:51:22 - [TEST_STEP][PASSED] - click(findTestObject("Page_Recently Viewed  Campaigns  Salesforce/span_Guest List Containing Campaign Members_slds-radio--faux (1)")): Object: 'Object Repository/Page_Recently Viewed  Campaigns  Salesforce/span_Guest List Containing Campaign Members_slds-radio--faux (1)' is clicked on

2019-05-10 09:51:22 - [MESSAGE][PASSED] - Object: 'Object Repository/Page_Recently Viewed  Campaigns  Salesforce/span_Guest List Containing Campaign Members_slds-radio--faux (1)' is clicked on

2019-05-10 09:51:22 - [TEST_STEP][PASSED] - click(findTestObject("Page_Recently Viewed  Campaigns  Salesforce/span_Next (1)")): Object: 'Object Repository/Page_Recently Viewed  Campaigns  Salesforce/span_Next (1)' is clicked on

2019-05-10 09:51:22 - [MESSAGE][PASSED] - Object: 'Object Repository/Page_Recently Viewed  Campaigns  Salesforce/span_Next (1)' is clicked on

2019-05-10 09:51:22 - [TEST_STEP][PASSED] - setText(findTestObject("Page_Recently Viewed  Campaigns  Salesforce/input__71009a (1)"), "Automated Test Campaign"): Text 'Automated Test Campaign' is set on object 'Object Repository/Page_Recently Viewed  Campaigns  Salesforce/input__71009a (1)'

2019-05-10 09:51:24 - [MESSAGE][PASSED] - Text 'Automated Test Campaign' is set on object 'Object Repository/Page_Recently Viewed  Campaigns  Salesforce/input__71009a (1)'

2019-05-10 09:51:24 - [TEST_STEP][PASSED] - click(findTestObject("Page_Recently Viewed  Campaigns  Salesforce/Event_Status")): Object: 'Object Repository/Page_Recently Viewed  Campaigns  Salesforce/Event_Status' is clicked on

2019-05-10 09:51:24 - [MESSAGE][PASSED] - Object: 'Object Repository/Page_Recently Viewed  Campaigns  Salesforce/Event_Status' is clicked on

2019-05-10 09:51:24 - [TEST_STEP][PASSED] - click(findTestObject("Page_Recently Viewed  Campaigns  Salesforce/Planned")): Object: 'Object Repository/Page_Recently Viewed  Campaigns  Salesforce/Planned' is clicked on

2019-05-10 09:51:24 - [MESSAGE][PASSED] - Object: 'Object Repository/Page_Recently Viewed  Campaigns  Salesforce/Planned' is clicked on

2019-05-10 09:51:24 - [TEST_STEP][PASSED] - click(findTestObject("Page_Recently Viewed  Campaigns  Salesforce/Event_group")): Object: 'Object Repository/Page_Recently Viewed  Campaigns  Salesforce/Event_group' is clicked on

2019-05-10 09:51:25 - [MESSAGE][PASSED] - Object: 'Object Repository/Page_Recently Viewed  Campaigns  Salesforce/Event_group' is clicked on

2019-05-10 09:51:25 - [TEST_STEP][PASSED] - click(findTestObject("Page_Recently Viewed  Campaigns  Salesforce/a_Alumni")): Object: 'Object Repository/Page_Recently Viewed  Campaigns  Salesforce/a_Alumni' is clicked on

2019-05-10 09:51:25 - [MESSAGE][PASSED] - Object: 'Object Repository/Page_Recently Viewed  Campaigns  Salesforce/a_Alumni' is clicked on

2019-05-10 09:51:25 - [TEST_STEP][PASSED] - setText(findTestObject("Page_Recently Viewed  Campaigns  Salesforce/label_Event Location real (1)"), "21 welington rd"): Text '21 welington rd' is set on object 'Object Repository/Page_Recently Viewed  Campaigns  Salesforce/label_Event Location real (1)'

2019-05-10 09:51:25 - [MESSAGE][PASSED] - Text '21 welington rd' is set on object 'Object Repository/Page_Recently Viewed  Campaigns  Salesforce/label_Event Location real (1)'

2019-05-10 09:51:25 - [TEST_STEP][PASSED] - setText(findTestObject("Page_Recently Viewed  Campaigns  Salesforce/Start_date"), "27/06/2019"): Text '27/06/2019' is set on object 'Object Repository/Page_Recently Viewed  Campaigns  Salesforce/Start_date'

2019-05-10 09:51:25 - [MESSAGE][PASSED] - Text '27/06/2019' is set on object 'Object Repository/Page_Recently Viewed  Campaigns  Salesforce/Start_date'

2019-05-10 09:51:25 - [TEST_STEP][PASSED] - setText(findTestObject("Page_Recently Viewed  Campaigns  Salesforce/Start time (1)"), ""): Text '' is set on object 'Object Repository/Page_Recently Viewed  Campaigns  Salesforce/Start time (1)'

2019-05-10 09:51:26 - [MESSAGE][PASSED] - Text '' is set on object 'Object Repository/Page_Recently Viewed  Campaigns  Salesforce/Start time (1)'

2019-05-10 09:51:26 - [TEST_STEP][PASSED] - setText(findTestObject("Page_Recently Viewed  Campaigns  Salesforce/End_Date (1)"), "30/06/2019"): Text '30/06/2019' is set on object 'Object Repository/Page_Recently Viewed  Campaigns  Salesforce/End_Date (1)'

2019-05-10 09:51:26 - [MESSAGE][PASSED] - Text '30/06/2019' is set on object 'Object Repository/Page_Recently Viewed  Campaigns  Salesforce/End_Date (1)'

2019-05-10 09:51:26 - [TEST_STEP][PASSED] - setText(findTestObject("Page_Recently Viewed  Campaigns  Salesforce/Event_end_time (1)"), ""): Text '' is set on object 'Object Repository/Page_Recently Viewed  Campaigns  Salesforce/Event_end_time (1)'

2019-05-10 09:51:27 - [MESSAGE][PASSED] - Text '' is set on object 'Object Repository/Page_Recently Viewed  Campaigns  Salesforce/Event_end_time (1)'

2019-05-10 09:51:27 - [TEST_STEP][PASSED] - setText(findTestObject("Page_Recently Viewed  Campaigns  Salesforce/event_street (1)"), "street"): Text 'street' is set on object 'Object Repository/Page_Recently Viewed  Campaigns  Salesforce/event_street (1)'

2019-05-10 09:51:27 - [MESSAGE][PASSED] - Text 'street' is set on object 'Object Repository/Page_Recently Viewed  Campaigns  Salesforce/event_street (1)'

2019-05-10 09:51:27 - [TEST_STEP][PASSED] - setText(findTestObject("Page_Recently Viewed  Campaigns  Salesforce/event_city (1)"), "city"): Text 'city' is set on object 'Object Repository/Page_Recently Viewed  Campaigns  Salesforce/event_city (1)'

2019-05-10 09:51:27 - [MESSAGE][PASSED] - Text 'city' is set on object 'Object Repository/Page_Recently Viewed  Campaigns  Salesforce/event_city (1)'

2019-05-10 09:51:27 - [TEST_STEP][PASSED] - setText(findTestObject("Page_Recently Viewed  Campaigns  Salesforce/event_state (1)"), "state"): Text 'state' is set on object 'Object Repository/Page_Recently Viewed  Campaigns  Salesforce/event_state (1)'

2019-05-10 09:51:28 - [MESSAGE][PASSED] - Text 'state' is set on object 'Object Repository/Page_Recently Viewed  Campaigns  Salesforce/event_state (1)'

2019-05-10 09:51:28 - [TEST_STEP][PASSED] - setText(findTestObject("Page_Recently Viewed  Campaigns  Salesforce/input__4091117a"), "3000"): Text '3000' is set on object 'Object Repository/Page_Recently Viewed  Campaigns  Salesforce/input__4091117a'

2019-05-10 09:51:28 - [MESSAGE][PASSED] - Text '3000' is set on object 'Object Repository/Page_Recently Viewed  Campaigns  Salesforce/input__4091117a'

2019-05-10 09:51:28 - [TEST_STEP][PASSED] - setText(findTestObject("Page_Recently Viewed  Campaigns  Salesforce/input__4431117a"), "Australia"): Text 'Australia' is set on object 'Object Repository/Page_Recently Viewed  Campaigns  Salesforce/input__4431117a'

2019-05-10 09:51:28 - [MESSAGE][PASSED] - Text 'Australia' is set on object 'Object Repository/Page_Recently Viewed  Campaigns  Salesforce/input__4431117a'

2019-05-10 09:51:28 - [TEST_STEP][PASSED] - click(findTestObject("Page_Recently Viewed  Campaigns  Salesforce/a_Corporate")): Object: 'Object Repository/Page_Recently Viewed  Campaigns  Salesforce/a_Corporate' is clicked on

2019-05-10 09:51:28 - [MESSAGE][PASSED] - Object: 'Object Repository/Page_Recently Viewed  Campaigns  Salesforce/a_Corporate' is clicked on

2019-05-10 09:51:28 - [TEST_STEP][PASSED] - click(findTestObject("Page_Recently Viewed  Campaigns  Salesforce/a_Social")): Object: 'Object Repository/Page_Recently Viewed  Campaigns  Salesforce/a_Social' is clicked on

2019-05-10 09:51:28 - [MESSAGE][PASSED] - Object: 'Object Repository/Page_Recently Viewed  Campaigns  Salesforce/a_Social' is clicked on

2019-05-10 09:51:28 - [TEST_STEP][PASSED] - click(findTestObject("Page_Recently Viewed  Campaigns  Salesforce/button_Save")): Object: 'Object Repository/Page_Recently Viewed  Campaigns  Salesforce/button_Save' is clicked on

2019-05-10 09:51:29 - [MESSAGE][PASSED] - Object: 'Object Repository/Page_Recently Viewed  Campaigns  Salesforce/button_Save' is clicked on

2019-05-10 09:51:29 - [TEST_STEP][PASSED] - delay(2): Delayed 2 second(s)

2019-05-10 09:51:31 - [MESSAGE][PASSED] - Delayed 2 second(s)

2019-05-10 09:51:31 - [TEST_STEP][PASSED] - comment("Even has been created in unicrm"): Even has been created in unicrm

2019-05-10 09:51:31 - [MESSAGE][INFO] - Even has been created in unicrm]]></system-out>
         <system-err><![CDATA[]]></system-err>
      </testcase>
      <testcase name="Test Cases/Create Guest list" classname="Test Cases/Create Guest list" status="PASSED">
         <system-out><![CDATA[2019-05-10 09:51:31 - [TEST_CASE][PASSED] - Test Cases/Create Guest list: Test Cases/Create Guest list

2019-05-10 09:51:45 - [TEST_STEP][PASSED] - click(findTestObject("Page_Automated Test Campaign  Salesforce/a_New (1)")): Object: 'Object Repository/Page_Automated Test Campaign  Salesforce/a_New (1)' is clicked on

2019-05-10 09:51:46 - [MESSAGE][PASSED] - Object: 'Object Repository/Page_Automated Test Campaign  Salesforce/a_New (1)' is clicked on

2019-05-10 09:51:46 - [TEST_STEP][PASSED] - click(findTestObject("Page_Automated Test Campaign  Salesforce/span_ERDA Guest List (1)")): Object: 'Object Repository/Page_Automated Test Campaign  Salesforce/span_ERDA Guest List (1)' is clicked on

2019-05-10 09:51:46 - [MESSAGE][PASSED] - Object: 'Object Repository/Page_Automated Test Campaign  Salesforce/span_ERDA Guest List (1)' is clicked on

2019-05-10 09:51:47 - [TEST_STEP][PASSED] - click(findTestObject("Page_Automated Test Campaign  Salesforce/span_Next (1)")): Object: 'Object Repository/Page_Automated Test Campaign  Salesforce/span_Next (1)' is clicked on

2019-05-10 09:51:47 - [MESSAGE][PASSED] - Object: 'Object Repository/Page_Automated Test Campaign  Salesforce/span_Next (1)' is clicked on

2019-05-10 09:51:47 - [TEST_STEP][PASSED] - setText(findTestObject("Page_Automated Test Campaign  Salesforce/input__1362495a (1)"), "Automated Guest List"): Text 'Automated Guest List' is set on object 'Object Repository/Page_Automated Test Campaign  Salesforce/input__1362495a (1)'

2019-05-10 09:51:49 - [MESSAGE][PASSED] - Text 'Automated Guest List' is set on object 'Object Repository/Page_Automated Test Campaign  Salesforce/input__1362495a (1)'

2019-05-10 09:51:49 - [TEST_STEP][PASSED] - click(findTestObject("Page_Automated Test Campaign  Salesforce/button_Save (1)")): Object: 'Object Repository/Page_Automated Test Campaign  Salesforce/button_Save (1)' is clicked on

2019-05-10 09:51:49 - [MESSAGE][PASSED] - Object: 'Object Repository/Page_Automated Test Campaign  Salesforce/button_Save (1)' is clicked on

2019-05-10 09:51:49 - [TEST_STEP][PASSED] - delay(10): Delayed 10 second(s)

2019-05-10 09:51:59 - [MESSAGE][PASSED] - Delayed 10 second(s)

2019-05-10 09:51:59 - [TEST_STEP][PASSED] - comment("Guest List has been created in unicrm"): Guest List has been created in unicrm

2019-05-10 09:51:59 - [MESSAGE][INFO] - Guest List has been created in unicrm]]></system-out>
         <system-err><![CDATA[]]></system-err>
      </testcase>
      <testcase name="Test Cases/Add Guests" classname="Test Cases/Add Guests" status="PASSED">
         <system-out><![CDATA[2019-05-10 09:51:59 - [TEST_CASE][PASSED] - Test Cases/Add Guests: Test Cases/Add Guests

2019-05-10 09:52:21 - [TEST_STEP][PASSED] - waitForElementVisible(findTestObject("Page_Automated Test Campaign  Salesforce/a_Automated Guest List (1)"), 20): Object 'Object Repository/Page_Automated Test Campaign  Salesforce/a_Automated Guest List (1)' is visible

2019-05-10 09:52:22 - [MESSAGE][PASSED] - Object 'Object Repository/Page_Automated Test Campaign  Salesforce/a_Automated Guest List (1)' is visible

2019-05-10 09:52:22 - [TEST_STEP][PASSED] - click(findTestObject("Page_Automated Test Campaign  Salesforce/a_Automated Guest List (1)")): Object: 'Object Repository/Page_Automated Test Campaign  Salesforce/a_Automated Guest List (1)' is clicked on

2019-05-10 09:52:22 - [MESSAGE][PASSED] - Object: 'Object Repository/Page_Automated Test Campaign  Salesforce/a_Automated Guest List (1)' is clicked on

2019-05-10 09:52:22 - [TEST_STEP][PASSED] - delay(10, STOP_ON_FAILURE): Delayed 10 second(s)

2019-05-10 09:52:32 - [MESSAGE][PASSED] - Delayed 10 second(s)

2019-05-10 09:52:32 - [TEST_STEP][PASSED] - click(findTestObject("Page_Automated Guest List  Salesforce/div_Add Constituents")): Object: 'Object Repository/Page_Automated Guest List  Salesforce/div_Add Constituents' is clicked on

2019-05-10 09:52:32 - [MESSAGE][PASSED] - Object: 'Object Repository/Page_Automated Guest List  Salesforce/div_Add Constituents' is clicked on

2019-05-10 09:52:32 - [TEST_STEP][PASSED] - click(findTestObject("Page_Automated Guest List  Salesforce/h2_Add Constituents to Campaign")): Object: 'Object Repository/Page_Automated Guest List  Salesforce/h2_Add Constituents to Campaign' is clicked on

2019-05-10 09:52:33 - [MESSAGE][PASSED] - Object: 'Object Repository/Page_Automated Guest List  Salesforce/h2_Add Constituents to Campaign' is clicked on

2019-05-10 09:52:33 - [TEST_STEP][PASSED] - click(findTestObject("Page_Automated Guest List  Salesforce/span_Action_slds-checkbox--faux")): Object: 'Object Repository/Page_Automated Guest List  Salesforce/span_Action_slds-checkbox--faux' is clicked on

2019-05-10 09:52:37 - [MESSAGE][PASSED] - Object: 'Object Repository/Page_Automated Guest List  Salesforce/span_Action_slds-checkbox--faux' is clicked on

2019-05-10 09:52:37 - [TEST_STEP][PASSED] - constName = getText(findTestObject("Page_Automated Guest List  Salesforce/a_Test Monash constituent")): Text of object 'Object Repository/Page_Automated Guest List  Salesforce/a_Test Monash constituent' is: 'James Bond'

2019-05-10 09:52:37 - [MESSAGE][PASSED] - Text of object 'Object Repository/Page_Automated Guest List  Salesforce/a_Test Monash constituent' is: 'James Bond'

2019-05-10 09:52:39 - [TEST_STEP][PASSED] - print(constName): null

2019-05-10 09:52:39 - [TEST_STEP][PASSED] - click(findTestObject("Page_Automated Guest List  Salesforce/span_Next")): Object: 'Object Repository/Page_Automated Guest List  Salesforce/span_Next' is clicked on

2019-05-10 09:52:39 - [MESSAGE][PASSED] - Object: 'Object Repository/Page_Automated Guest List  Salesforce/span_Next' is clicked on

2019-05-10 09:52:39 - [TEST_STEP][PASSED] - delay(3, STOP_ON_FAILURE): Delayed 3 second(s)

2019-05-10 09:52:42 - [MESSAGE][PASSED] - Delayed 3 second(s)

2019-05-10 09:52:42 - [TEST_STEP][PASSED] - click(findTestObject("Page_Automated Guest List  Salesforce/span_Submit")): Object: 'Object Repository/Page_Automated Guest List  Salesforce/span_Submit' is clicked on

2019-05-10 09:52:42 - [MESSAGE][PASSED] - Object: 'Object Repository/Page_Automated Guest List  Salesforce/span_Submit' is clicked on

2019-05-10 09:52:42 - [TEST_STEP][PASSED] - delay(8): Delayed 8 second(s)

2019-05-10 09:52:50 - [MESSAGE][PASSED] - Delayed 8 second(s)

2019-05-10 09:52:50 - [TEST_STEP][PASSED] - click(findTestObject("Page_Automated Guest List  Salesforce/a_Automated Test Campaign")): Object: 'Object Repository/Page_Automated Guest List  Salesforce/a_Automated Test Campaign' is clicked on

2019-05-10 09:52:51 - [MESSAGE][PASSED] - Object: 'Object Repository/Page_Automated Guest List  Salesforce/a_Automated Test Campaign' is clicked on

2019-05-10 09:52:51 - [TEST_STEP][PASSED] - delay(3): Delayed 3 second(s)

2019-05-10 09:52:54 - [MESSAGE][PASSED] - Delayed 3 second(s)

2019-05-10 09:52:54 - [TEST_STEP][PASSED] - comment("Guest is added to Guest list in unicrm"): Guest is added to Guest list in unicrm

2019-05-10 09:52:54 - [MESSAGE][INFO] - Guest is added to Guest list in unicrm]]></system-out>
         <system-err><![CDATA[]]></system-err>
      </testcase>
      <testcase name="Test Cases/Create Event and Guest list in Zkipster" classname="Test Cases/Create Event and Guest list in Zkipster" status="PASSED">
         <system-out><![CDATA[2019-05-10 09:52:54 - [TEST_CASE][PASSED] - Test Cases/Create Event and Guest list in Zkipster: Test Cases/Create Event and Guest list in Zkipster

2019-05-10 09:53:15 - [TEST_STEP][PASSED] - click(findTestObject("Page_Automated Test Campaign  Salesforce/div_Create Event In Zkipster")): Object: 'Object Repository/Page_Automated Test Campaign  Salesforce/div_Create Event In Zkipster' is clicked on

2019-05-10 09:53:16 - [MESSAGE][PASSED] - Object: 'Object Repository/Page_Automated Test Campaign  Salesforce/div_Create Event In Zkipster' is clicked on

2019-05-10 09:53:16 - [TEST_STEP][PASSED] - delay(7): Delayed 7 second(s)

2019-05-10 09:53:23 - [MESSAGE][PASSED] - Delayed 7 second(s)

2019-05-10 09:53:23 - [TEST_STEP][PASSED] - click(findTestObject("Page_Automated Test Campaign  Salesforce/lightning-primitive-icon")): Object: 'Object Repository/Page_Automated Test Campaign  Salesforce/lightning-primitive-icon' is clicked on

2019-05-10 09:53:24 - [MESSAGE][PASSED] - Object: 'Object Repository/Page_Automated Test Campaign  Salesforce/lightning-primitive-icon' is clicked on

2019-05-10 09:53:24 - [TEST_STEP][PASSED] - delay(7): Delayed 7 second(s)

2019-05-10 09:53:31 - [MESSAGE][PASSED] - Delayed 7 second(s)

2019-05-10 09:53:31 - [TEST_STEP][PASSED] - click(findTestObject("Page_Automated Test Campaign  Salesforce/div_Create Event In Zkipster")): Object: 'Object Repository/Page_Automated Test Campaign  Salesforce/div_Create Event In Zkipster' is clicked on

2019-05-10 09:53:31 - [MESSAGE][PASSED] - Object: 'Object Repository/Page_Automated Test Campaign  Salesforce/div_Create Event In Zkipster' is clicked on

2019-05-10 09:53:31 - [TEST_STEP][PASSED] - delay(7): Delayed 7 second(s)

2019-05-10 09:53:38 - [MESSAGE][PASSED] - Delayed 7 second(s)

2019-05-10 09:53:39 - [TEST_STEP][PASSED] - click(findTestObject("Page_Automated Test Campaign  Salesforce/lightning-primitive-icon")): Object: 'Object Repository/Page_Automated Test Campaign  Salesforce/lightning-primitive-icon' is clicked on

2019-05-10 09:53:39 - [MESSAGE][PASSED] - Object: 'Object Repository/Page_Automated Test Campaign  Salesforce/lightning-primitive-icon' is clicked on

2019-05-10 09:53:39 - [TEST_STEP][PASSED] - delay(7): Delayed 7 second(s)

2019-05-10 09:53:46 - [MESSAGE][PASSED] - Delayed 7 second(s)

2019-05-10 09:53:46 - [TEST_STEP][PASSED] - click(findTestObject("Page_Automated Test Campaign  Salesforce/div_Create Guest Lists In Zkipster")): Object: 'Object Repository/Page_Automated Test Campaign  Salesforce/div_Create Guest Lists In Zkipster' is clicked on

2019-05-10 09:53:46 - [MESSAGE][PASSED] - Object: 'Object Repository/Page_Automated Test Campaign  Salesforce/div_Create Guest Lists In Zkipster' is clicked on

2019-05-10 09:53:46 - [TEST_STEP][PASSED] - delay(9): Delayed 9 second(s)

2019-05-10 09:53:55 - [MESSAGE][PASSED] - Delayed 9 second(s)

2019-05-10 09:53:55 - [TEST_STEP][PASSED] - click(findTestObject("Page_Automated Test Campaign  Salesforce/button_Close this window")): Object: 'Object Repository/Page_Automated Test Campaign  Salesforce/button_Close this window' is clicked on

2019-05-10 09:53:55 - [MESSAGE][PASSED] - Object: 'Object Repository/Page_Automated Test Campaign  Salesforce/button_Close this window' is clicked on

2019-05-10 09:53:56 - [TEST_STEP][PASSED] - delay(7): Delayed 7 second(s)

2019-05-10 09:54:03 - [MESSAGE][PASSED] - Delayed 7 second(s)

2019-05-10 09:54:03 - [TEST_STEP][PASSED] - click(findTestObject("Page_Automated Test Campaign  Salesforce/div_Create Guest Lists In Zkipster")): Object: 'Object Repository/Page_Automated Test Campaign  Salesforce/div_Create Guest Lists In Zkipster' is clicked on

2019-05-10 09:54:03 - [MESSAGE][PASSED] - Object: 'Object Repository/Page_Automated Test Campaign  Salesforce/div_Create Guest Lists In Zkipster' is clicked on

2019-05-10 09:54:03 - [TEST_STEP][PASSED] - delay(8): Delayed 8 second(s)

2019-05-10 09:54:11 - [MESSAGE][PASSED] - Delayed 8 second(s)

2019-05-10 09:54:11 - [TEST_STEP][PASSED] - click(findTestObject("Page_Automated Test Campaign  Salesforce/button_Close this window")): Object: 'Object Repository/Page_Automated Test Campaign  Salesforce/button_Close this window' is clicked on

2019-05-10 09:54:11 - [MESSAGE][PASSED] - Object: 'Object Repository/Page_Automated Test Campaign  Salesforce/button_Close this window' is clicked on

2019-05-10 09:54:11 - [TEST_STEP][PASSED] - delay(8): Delayed 8 second(s)

2019-05-10 09:54:19 - [MESSAGE][PASSED] - Delayed 8 second(s)

2019-05-10 09:54:19 - [TEST_STEP][PASSED] - click(findTestObject("Page_Automated Test Campaign  Salesforce/div_Sync Guests to Zkipster")): Object: 'Object Repository/Page_Automated Test Campaign  Salesforce/div_Sync Guests to Zkipster' is clicked on

2019-05-10 09:54:19 - [MESSAGE][PASSED] - Object: 'Object Repository/Page_Automated Test Campaign  Salesforce/div_Sync Guests to Zkipster' is clicked on

2019-05-10 09:54:19 - [TEST_STEP][PASSED] - delay(10): Delayed 10 second(s)

2019-05-10 09:54:30 - [MESSAGE][PASSED] - Delayed 10 second(s)

2019-05-10 09:54:30 - [TEST_STEP][PASSED] - click(findTestObject("Page_Automated Test Campaign  Salesforce/lightning-primitive-icon")): Object: 'Object Repository/Page_Automated Test Campaign  Salesforce/lightning-primitive-icon' is clicked on

2019-05-10 09:54:30 - [MESSAGE][PASSED] - Object: 'Object Repository/Page_Automated Test Campaign  Salesforce/lightning-primitive-icon' is clicked on

2019-05-10 09:54:30 - [TEST_STEP][PASSED] - delay(6): Delayed 6 second(s)

2019-05-10 09:54:36 - [MESSAGE][PASSED] - Delayed 6 second(s)

2019-05-10 09:54:36 - [TEST_STEP][PASSED] - navigateToUrl("https://account.zkipster.com/Login/Login?ReturnUrl=%2fGuests%2fEdit"): Navigate to 'https://account.zkipster.com/Login/Login?ReturnUrl=%2fGuests%2fEdit' successfully

2019-05-10 09:54:43 - [MESSAGE][PASSED] - Navigate to 'https://account.zkipster.com/Login/Login?ReturnUrl=%2fGuests%2fEdit' successfully

2019-05-10 09:54:43 - [TEST_STEP][PASSED] - setText(findTestObject("Page_zkipster - Log In/input_Log In_UserName"), "MonashAdmin1"): Text 'MonashAdmin1' is set on object 'Object Repository/Page_zkipster - Log In/input_Log In_UserName'

2019-05-10 09:54:43 - [MESSAGE][PASSED] - Text 'MonashAdmin1' is set on object 'Object Repository/Page_zkipster - Log In/input_Log In_UserName'

2019-05-10 09:54:43 - [TEST_STEP][PASSED] - setEncryptedText(findTestObject("Page_zkipster - Log In/input_Log In_Password"), "B1Kdm3v38+DzKq91AaaXQg=="): Text ****** has been set on object 'Object Repository/Page_zkipster - Log In/input_Log In_Password'

2019-05-10 09:54:43 - [MESSAGE][PASSED] - Text ****** has been set on object 'Object Repository/Page_zkipster - Log In/input_Log In_Password'

2019-05-10 09:54:43 - [TEST_STEP][PASSED] - click(findTestObject("Page_zkipster - Log In/input_Log In_login_submit")): Object: 'Object Repository/Page_zkipster - Log In/input_Log In_login_submit' is clicked on

2019-05-10 09:54:51 - [MESSAGE][PASSED] - Object: 'Object Repository/Page_zkipster - Log In/input_Log In_login_submit' is clicked on

2019-05-10 09:54:51 - [TEST_STEP][PASSED] - delay(5): Delayed 5 second(s)

2019-05-10 09:54:56 - [MESSAGE][PASSED] - Delayed 5 second(s)

2019-05-10 09:54:56 - [TEST_STEP][PASSED] - click(findTestObject("Page_zkipster - Events/a_Automated Test Campaign")): Object: 'Object Repository/Page_zkipster - Events/a_Automated Test Campaign' is clicked on

2019-05-10 09:54:58 - [MESSAGE][PASSED] - Object: 'Object Repository/Page_zkipster - Events/a_Automated Test Campaign' is clicked on

2019-05-10 09:54:58 - [TEST_STEP][PASSED] - delay(7): Delayed 7 second(s)

2019-05-10 09:55:05 - [MESSAGE][PASSED] - Delayed 7 second(s)

2019-05-10 09:55:05 - [TEST_STEP][PASSED] - click(findTestObject("Page_zkipster - Guest Lists/td_1")): Object: 'Object Repository/Page_zkipster - Guest Lists/td_1' is clicked on

2019-05-10 09:55:07 - [MESSAGE][PASSED] - Object: 'Object Repository/Page_zkipster - Guest Lists/td_1' is clicked on

2019-05-10 09:55:07 - [TEST_STEP][PASSED] - delay(9): Delayed 9 second(s)

2019-05-10 09:55:16 - [MESSAGE][PASSED] - Delayed 9 second(s)

2019-05-10 09:55:16 - [TEST_STEP][PASSED] - GuestFirstName = getText(findTestObject("Page_zkipster - Guests/div_Test Monash")): Text of object 'Object Repository/Page_zkipster - Guests/div_Test Monash' is: 'James'

2019-05-10 09:55:17 - [MESSAGE][PASSED] - Text of object 'Object Repository/Page_zkipster - Guests/div_Test Monash' is: 'James'

2019-05-10 09:55:17 - [TEST_STEP][PASSED] - print(GuestFirstName): null

2019-05-10 09:55:17 - [TEST_STEP][PASSED] - GuestLastName = getText(findTestObject("Object Repository/Page_zkipster - Guests/div_Rabobank")): Text of object 'Object Repository/Page_zkipster - Guests/div_Rabobank' is: 'Bond'

2019-05-10 09:55:17 - [MESSAGE][PASSED] - Text of object 'Object Repository/Page_zkipster - Guests/div_Rabobank' is: 'Bond'

2019-05-10 09:55:17 - [TEST_STEP][PASSED] - print(GuestLastName): null

2019-05-10 09:55:17 - [TEST_STEP][PASSED] - GuestName = GuestFirstName + " " + GuestLastName: null

2019-05-10 09:55:17 - [TEST_STEP][PASSED] - print(GuestName): null

2019-05-10 09:55:17 - [TEST_STEP][PASSED] - print(constName): null

2019-05-10 09:55:17 - [TEST_STEP][PASSED] - if (GuestName == constName): Guest List has been Created in Zkipster. And guest details have been added from Unicrm

2019-05-10 09:55:17 - [TEST_STEP][PASSED] - print("Guest List has been created with Guest details in Zkipster"): null

2019-05-10 09:55:17 - [TEST_STEP][PASSED] - comment("Guest List has been Created in Zkipster. And guest details have been added from Unicrm"): Guest List has been Created in Zkipster. And guest details have been added from Unicrm

2019-05-10 09:55:17 - [MESSAGE][INFO] - Guest List has been Created in Zkipster. And guest details have been added from Unicrm]]></system-out>
         <system-err><![CDATA[]]></system-err>
      </testcase>
      <system-out><![CDATA[2019-05-10 09:49:24 - [TEST_SUITE][PASSED] - Event Management: Test Cases/Create Event and Guest list in Zkipster]]></system-out>
      <system-err><![CDATA[]]></system-err>
   </testsuite>
</testsuites>
